/usr/local/lib/python3.7/site-packages/sklearn/base.py:251: UserWarning: Trying to unpickle estimator DecisionTreeRegressor from version 0.20.3 when using version 0.20.2. This might lead to breaking code or invalid results. Use at your own risk.
  UserWarning)
/usr/local/lib/python3.7/site-packages/sklearn/base.py:251: UserWarning: Trying to unpickle estimator GradientBoostingRegressor from version 0.20.3 when using version 0.20.2. This might lead to breaking code or invalid results. Use at your own risk.
  UserWarning)
 * Serving Flask app "app" (lazy loading)
 * Environment: production
[31m   WARNING: This is a development server. Do not use it in a production deployment.[0m
[2m   Use a production WSGI server instead.[0m
 * Debug mode: on
 * Running on http://0.0.0.0:80/ (Press CTRL+C to quit)
 * Restarting with stat
/usr/local/lib/python3.7/site-packages/sklearn/base.py:251: UserWarning: Trying to unpickle estimator DecisionTreeRegressor from version 0.20.3 when using version 0.20.2. This might lead to breaking code or invalid results. Use at your own risk.
  UserWarning)
/usr/local/lib/python3.7/site-packages/sklearn/base.py:251: UserWarning: Trying to unpickle estimator GradientBoostingRegressor from version 0.20.3 when using version 0.20.2. This might lead to breaking code or invalid results. Use at your own risk.
  UserWarning)
 * Debugger is active!
 * Debugger PIN: 173-038-877
/usr/local/lib/python3.7/site-packages/sklearn/base.py:251: UserWarning: Trying to unpickle estimator DecisionTreeRegressor from version 0.20.3 when using version 0.20.2. This might lead to breaking code or invalid results. Use at your own risk.
  UserWarning)
/usr/local/lib/python3.7/site-packages/sklearn/base.py:251: UserWarning: Trying to unpickle estimator GradientBoostingRegressor from version 0.20.3 when using version 0.20.2. This might lead to breaking code or invalid results. Use at your own risk.
  UserWarning)
 * Serving Flask app "app" (lazy loading)
 * Environment: production
[31m   WARNING: This is a development server. Do not use it in a production deployment.[0m
[2m   Use a production WSGI server instead.[0m
 * Debug mode: on
 * Running on http://0.0.0.0:80/ (Press CTRL+C to quit)
 * Restarting with stat
/usr/local/lib/python3.7/site-packages/sklearn/base.py:251: UserWarning: Trying to unpickle estimator DecisionTreeRegressor from version 0.20.3 when using version 0.20.2. This might lead to breaking code or invalid results. Use at your own risk.
  UserWarning)
/usr/local/lib/python3.7/site-packages/sklearn/base.py:251: UserWarning: Trying to unpickle estimator GradientBoostingRegressor from version 0.20.3 when using version 0.20.2. This might lead to breaking code or invalid results. Use at your own risk.
  UserWarning)
 * Debugger is active!
 * Debugger PIN: 130-365-190
^C